<?xml version="1.0" encoding="UTF-8"?>
<!-- Generated by org.testng.reporters.JUnitReportReporter -->
<testsuite skipped="0" hostname="LOXTIPL0012016" name="tools.Adb" tests="1" failures="0" timestamp="10 Aug 2017 05:37:10 GMT" time="236.702" errors="0">
  <testcase name="testADB" time="236.702" classname="tools.Adb"/>
</testsuite> <!-- tools.Adb -->
